<?xml version="1.0" encoding="UTF-8"?>
<!-- Generated by org.testng.reporters.JUnitXMLReporter -->
<testsuite ignored="1" hostname="LAPTOP-BU5UP52J" failures="0" tests="1" name="Default test" time="23.928" errors="0" timestamp="2023-07-19T18:39:21 IST">
  <testcase classname="com.ImpactChain2.testcases.AddClimateGoalTest" name="verify_Add_New_Energy_Goal" time="19.678"/>
  <testcase classname="com.ImpactChain2.testcases.AddClimateGoalTest" name="verify_Add_New_Climate_Goal" time="0.0">
    <ignored/>
  </testcase> <!-- verify_Add_New_Climate_Goal -->
</testsuite> <!-- Default test -->
