<?xml version="1.0" encoding="UTF-8"?>
<!-- Generated by org.testng.reporters.JUnitXMLReporter -->
<testsuite ignored="1" hostname="LAPTOP-BU5UP52J" failures="0" tests="1" name="Default test" time="93.528" errors="0" timestamp="2023-07-21T18:23:47 IST">
  <testcase classname="com.ImpactChain2.testcases.AddClimateGoalTest" name="verify_Add_New_Climate_Goal" time="30.693"/>
  <testcase classname="com.ImpactChain2.testcases.AddClimateGoalTest" name="verify_Add_New_Energy_Goal" time="0.0">
    <ignored/>
  </testcase> <!-- verify_Add_New_Energy_Goal -->
</testsuite> <!-- Default test -->
