<?xml version="1.0" encoding="UTF-8"?>
<testng-results ignored="1" total="2" passed="1" failed="0" skipped="0">
  <reporter-output>
  </reporter-output>
  <suite started-at="2023-07-19T18:38:57 IST" name="Default suite" finished-at="2023-07-19T18:39:21 IST" duration-ms="23928">
    <groups>
    </groups>
    <test started-at="2023-07-19T18:38:57 IST" name="Default test" finished-at="2023-07-19T18:39:21 IST" duration-ms="23928">
      <class name="com.ImpactChain2.testcases.AddClimateGoalTest">
        <test-method is-config="true" signature="initialization(java.lang.String)[pri:0, instance:com.ImpactChain2.testcases.AddClimateGoalTest@7876d598]" started-at="2023-07-19T18:38:57 IST" name="initialization" finished-at="2023-07-19T18:39:01 IST" duration-ms="4136" status="PASS">
          <params>
            <param index="0">
              <value>
                <![CDATA[]]>
              </value>
            </param>
          </params>
          <reporter-output>
          </reporter-output>
        </test-method> <!-- initialization -->
        <test-method signature="verify_Add_New_Energy_Goal()[pri:0, instance:com.ImpactChain2.testcases.AddClimateGoalTest@7876d598]" started-at="2023-07-19T18:39:01 IST" name="verify_Add_New_Energy_Goal" description="Verify_Add_New_Energy_Goal" finished-at="2023-07-19T18:39:21 IST" duration-ms="19678" status="PASS">
          <reporter-output>
          </reporter-output>
        </test-method> <!-- verify_Add_New_Energy_Goal -->
      </class> <!-- com.ImpactChain2.testcases.AddClimateGoalTest -->
    </test> <!-- Default test -->
  </suite> <!-- Default suite -->
</testng-results>
