<?xml version="1.0" encoding="UTF-8"?>
<!-- Generated by org.testng.reporters.JUnitXMLReporter -->
<testsuite ignored="0" hostname="LAPTOP-BU5UP52J" failures="0" tests="8" name="Test" time="162.796" errors="0" timestamp="2023-07-22T09:45:44 IST">
  <testcase classname="com.ImpactChain2.testcases.AddGoalTest" name="verify_Add_New_Climate_Goal" time="20.14"/>
  <testcase classname="com.ImpactChain2.testcases.AddGoalTest" name="verify_Add_New_Diversity_and_Inclusion_Goal" time="18.093"/>
  <testcase classname="com.ImpactChain2.testcases.AddGoalTest" name="verify_Add_New_Energy_Goal" time="18.442"/>
  <testcase classname="com.ImpactChain2.testcases.AddGoalTest" name="verify_Add_New_Ethical_Behaviour_Goal" time="18.168"/>
  <testcase classname="com.ImpactChain2.testcases.AddGoalTest" name="verify_Add_New_FreshWater_Goal" time="17.7"/>
  <testcase classname="com.ImpactChain2.testcases.AddGoalTest" name="verify_Add_New_Involuntary_Labor_Goal" time="19.861"/>
  <testcase classname="com.ImpactChain2.testcases.AddGoalTest" name="verify_Add_New_Pay_Equaility_Goal" time="19.396"/>
  <testcase classname="com.ImpactChain2.testcases.AddGoalTest" name="verify_Add_New_Waste_Goal" time="17.957"/>
</testsuite> <!-- Test -->
