<?xml version="1.0" encoding="UTF-8"?>
<!-- Generated by org.testng.reporters.JUnitXMLReporter -->
<testsuite ignored="0" hostname="LAPTOP-BU5UP52J" failures="0" tests="2" name="Test" time="107.42" errors="0" timestamp="2023-07-24T21:30:52 IST">
  <testcase classname="com.ImpactChain2.testcases.AddGoalTest" name="verify_Add_New_Climate_Goal" time="51.553"/>
  <testcase classname="com.ImpactChain2.testcases.AddGoalTest" name="verify_Add_New_Energy_Goal" time="50.412"/>
</testsuite> <!-- Test -->
